Arguments: 
  C:\Users\julcz\AppData\Local\nvs\default\node.exe C:\Program Files (x86)\Yarn\bin\yarn.js add ts-node -D

PATH: 
  C:\Program Files\WindowsApps\Microsoft.PowerShell_7.2.2.0_x64__8wekyb3d8bbwe;C:\Windows\system32;C:\Windows;C:\Windows\System32\Wbem;C:\Windows\System32\WindowsPowerShell\v1.0\;C:\Windows\System32\OpenSSH\;C:\Program Files\Microsoft VS Code\bin;C:\Program Files\Git\cmd;C:\ProgramData\chocolatey\bin;C:\Program Files (x86)\Yarn\bin\;C:\flutter\bin;C:\Program Files\OpenJDK\openjdk-11.0.13_8\bin;C:\Users\julcz\AppData\Local\Microsoft\WindowsApps;C:\Users\julcz\AppData\Local\nvs\default;C:\Users\julcz\AppData\Local\nvs\;C:\Users\julcz\AppData\Local\Yarn\bin

Yarn version: 
  1.22.15

Node version: 
  16.13.1

Platform: 
  win32 x64

Trace: 
  Error: getaddrinfo ENOTFOUND registry.yarnpkg.com
      at GetAddrInfoReqWrap.onlookup [as oncomplete] (node:dns:71:26)

npm manifest: 
  {
    "name": "PersistorNode",
    "version": "1.0.0",
    "main": "index.js",
    "repository": "https://github.com/JulCzar/persistentStorage.git",
    "author": "JulCzar <julczar21@outlook.com>",
    "license": "MIT",
    "dependencies": {},
    "devDependencies": {
      "@types/node": "^17.0.22",
      "typescript": "^4.6.2"
    }
  }

yarn manifest: 
  No manifest

Lockfile: 
  # THIS IS AN AUTOGENERATED FILE. DO NOT EDIT THIS FILE DIRECTLY.
  # yarn lockfile v1
  
  
  "@types/node@^17.0.22":
    version "17.0.22"
    resolved "https://registry.yarnpkg.com/@types/node/-/node-17.0.22.tgz#38b6c4b9b2f3ed9f2e376cce42a298fb2375251e"
    integrity sha512-8FwbVoG4fy+ykY86XCAclKZDORttqE5/s7dyWZKLXTdv3vRy5HozBEinG5IqhvPXXzIZEcTVbuHlQEI6iuwcmw==
  
  typescript@^4.6.2:
    version "4.6.2"
    resolved "https://registry.yarnpkg.com/typescript/-/typescript-4.6.2.tgz#fe12d2727b708f4eef40f51598b3398baa9611d4"
    integrity sha512-HM/hFigTBHZhLXshn9sN37H085+hQGeJHJ/X7LpBWLID/fbc2acUMfU+lGD98X81sKP+pFa9f0DZmCwB9GnbAg==
